[0.016s] Invoking command in '/home/purvanya/projects/perception_summer/build/cone_tracker': CMAKE_PREFIX_PATH=${CMAKE_PREFIX_PATH}:/home/purvanya/projects/perception_summer/install/perception_summer:/home/purvanya/projects/EUFS/install/eufs_launcher:/home/purvanya/projects/EUFS/install/eufs_tracks:/home/purvanya/projects/EUFS/install/eufs_rqt:/home/purvanya/projects/EUFS/install/eufs_racecar:/opt/ros/humble /usr/bin/cmake --build /home/purvanya/projects/perception_summer/build/cone_tracker -- -j12 -l12
[0.117s] [35m[1mConsolidate compiler generated dependencies of target main[0m
[0.178s] [ 50%] [32mBuilding CXX object CMakeFiles/main.dir/src/main.cpp.o[0m
[5.771s] [01m[K/home/purvanya/projects/perception_summer/src/cone_tracker/src/main.cpp:[m[K In function â€˜[01m[Kint main()[m[Kâ€™:
[5.771s] [01m[K/home/purvanya/projects/perception_summer/src/cone_tracker/src/main.cpp:15:53:[m[K [01;31m[Kerror: [m[Kâ€˜[01m[Kcurrent_device[m[Kâ€™ is not a member of â€˜[01m[Ktorch::cuda[m[Kâ€™
[5.771s]    15 |         torch::Device current_device = torch::cuda::[01;31m[Kcurrent_device[m[K();
[5.771s]       |                                                     [01;31m[K^~~~~~~~~~~~~~[m[K
[5.772s] [01m[K/home/purvanya/projects/perception_summer/src/cone_tracker/src/main.cpp:19:54:[m[K [01;31m[Kerror: [m[Kâ€˜[01m[KgetDeviceName[m[Kâ€™ is not a member of â€˜[01m[Ktorch::cuda[m[Kâ€™
[5.772s]    19 |         std::cout << "Device Name: " << torch::cuda::[01;31m[KgetDeviceName[m[K(current_device.index()) << std::endl;
[5.773s]       |                                                      [01;31m[K^~~~~~~~~~~~~[m[K
[5.777s] [01m[K/home/purvanya/projects/perception_summer/src/cone_tracker/src/main.cpp:22:48:[m[K [01;31m[Kerror: [m[Kâ€˜[01m[KTORCH_CUDA_VERSION[m[Kâ€™ was not declared in this scope; did you mean â€˜[01m[KTORCH_ABI_VERSION[m[Kâ€™?
[5.777s]    22 |         std::cout << "Torch CUDA version: " << [01;31m[KTORCH_CUDA_VERSION[m[K << std::endl;
[5.777s]       |                                                [01;31m[K^~~~~~~~~~~~~~~~~~[m[K
[5.777s]       |                                                [32m[KTORCH_ABI_VERSION[m[K
[8.080s] gmake[2]: *** [CMakeFiles/main.dir/build.make:76: CMakeFiles/main.dir/src/main.cpp.o] Error 1
[8.080s] gmake[1]: *** [CMakeFiles/Makefile2:137: CMakeFiles/main.dir/all] Error 2
[8.080s] gmake: *** [Makefile:146: all] Error 2
[8.082s] Invoked command in '/home/purvanya/projects/perception_summer/build/cone_tracker' returned '2': CMAKE_PREFIX_PATH=${CMAKE_PREFIX_PATH}:/home/purvanya/projects/perception_summer/install/perception_summer:/home/purvanya/projects/EUFS/install/eufs_launcher:/home/purvanya/projects/EUFS/install/eufs_tracks:/home/purvanya/projects/EUFS/install/eufs_rqt:/home/purvanya/projects/EUFS/install/eufs_racecar:/opt/ros/humble /usr/bin/cmake --build /home/purvanya/projects/perception_summer/build/cone_tracker -- -j12 -l12
