[0.014s] Invoking command in '/home/purvanya/projects/perception_summer/build/cone_tracker': CMAKE_PREFIX_PATH=${CMAKE_PREFIX_PATH}:/home/purvanya/projects/perception_summer/install/perception_summer:/home/purvanya/projects/EUFS/install/eufs_launcher:/home/purvanya/projects/EUFS/install/eufs_tracks:/home/purvanya/projects/EUFS/install/eufs_rqt:/home/purvanya/projects/EUFS/install/eufs_racecar:/opt/ros/humble /usr/bin/cmake --build /home/purvanya/projects/perception_summer/build/cone_tracker -- -j12 -l12
[0.042s] -- Found ament_cmake: 1.3.11 (/opt/ros/humble/share/ament_cmake/cmake)
[0.157s] -- Found rclcpp: 16.0.11 (/opt/ros/humble/share/rclcpp/cmake)
[0.184s] -- Found rosidl_generator_c: 3.1.6 (/opt/ros/humble/share/rosidl_generator_c/cmake)
[0.187s] -- Found rosidl_adapter: 3.1.6 (/opt/ros/humble/share/rosidl_adapter/cmake)
[0.192s] -- Found rosidl_generator_cpp: 3.1.6 (/opt/ros/humble/share/rosidl_generator_cpp/cmake)
[0.202s] -- Using all available rosidl_typesupport_c: rosidl_typesupport_fastrtps_c;rosidl_typesupport_introspection_c
[0.217s] -- Using all available rosidl_typesupport_cpp: rosidl_typesupport_fastrtps_cpp;rosidl_typesupport_introspection_cpp
[0.251s] -- Found rmw_implementation_cmake: 6.1.2 (/opt/ros/humble/share/rmw_implementation_cmake/cmake)
[0.253s] -- Found rmw_fastrtps_cpp: 6.2.7 (/opt/ros/humble/share/rmw_fastrtps_cpp/cmake)
[0.356s] -- Using RMW implementation 'rmw_fastrtps_cpp' as default
[0.437s] -- PyTorch: CUDA detected: 12.6
[0.437s] -- PyTorch: CUDA nvcc is: /usr/local/cuda/bin/nvcc
[0.437s] -- PyTorch: CUDA toolkit directory: /usr/local/cuda
[0.539s] -- PyTorch: Header version is: 12.6
[0.604s] [33mCMake Warning at /opt/libtorch/share/cmake/Caffe2/public/cuda.cmake:140 (message):
[0.604s]   Failed to compute shorthash for libnvrtc.so
[0.604s] Call Stack (most recent call first):
[0.604s]   /opt/libtorch/share/cmake/Caffe2/Caffe2Config.cmake:86 (include)
[0.604s]   /opt/libtorch/share/cmake/Torch/TorchConfig.cmake:68 (find_package)
[0.604s]   CMakeLists.txt:17 (find_package)
[0.605s] 
[0.605s] [0m
[0.605s] [33mCMake Warning (dev) at /usr/share/cmake-3.22/Modules/FindPackageHandleStandardArgs.cmake:438 (message):
[0.605s]   The package name passed to `find_package_handle_standard_args` (nvtx3) does
[0.605s]   not match the name of the calling package (Caffe2).  This can lead to
[0.605s]   problems in calling code that expects `find_package` result variables
[0.605s]   (e.g., `_FOUND`) to follow a certain pattern.
[0.605s] Call Stack (most recent call first):
[0.605s]   /opt/libtorch/share/cmake/Caffe2/public/cuda.cmake:178 (find_package_handle_standard_args)
[0.605s]   /opt/libtorch/share/cmake/Caffe2/Caffe2Config.cmake:86 (include)
[0.605s]   /opt/libtorch/share/cmake/Torch/TorchConfig.cmake:68 (find_package)
[0.605s]   CMakeLists.txt:17 (find_package)
[0.605s] This warning is for project developers.  Use -Wno-dev to suppress it.
[0.605s] [0m
[0.606s] -- Could NOT find nvtx3 (missing: nvtx3_dir) 
[0.606s] [33mCMake Warning at /opt/libtorch/share/cmake/Caffe2/public/cuda.cmake:184 (message):
[0.606s]   Cannot find NVTX3, find old NVTX instead
[0.606s] Call Stack (most recent call first):
[0.606s]   /opt/libtorch/share/cmake/Caffe2/Caffe2Config.cmake:86 (include)
[0.606s]   /opt/libtorch/share/cmake/Torch/TorchConfig.cmake:68 (find_package)
[0.606s]   CMakeLists.txt:17 (find_package)
[0.606s] 
[0.606s] [0m
[0.606s] -- USE_CUDNN is set to 0. Compiling without cuDNN support
[0.606s] -- USE_CUSPARSELT is set to 0. Compiling without cuSPARSELt support
[0.606s] -- USE_CUDSS is set to 0. Compiling without cuDSS support
[0.606s] -- USE_CUFILE is set to 0. Compiling without cuFile support
[2.943s] -- Autodetected CUDA architecture(s):  8.9
[2.943s] -- Added CUDA NVCC flags for: -gencode;arch=compute_89,code=sm_89
[2.969s] -- Found ament_lint_auto: 0.12.11 (/opt/ros/humble/share/ament_lint_auto/cmake)
[3.028s] -- Added test 'cppcheck' to perform static code analysis on C / C++ code
[3.028s] -- Configured cppcheck include dirs: 
[3.028s] -- Configured cppcheck exclude dirs and/or files: 
[3.028s] -- Added test 'lint_cmake' to check CMake code style
[3.029s] -- Added test 'uncrustify' to check C / C++ code style
[3.029s] -- Configured uncrustify additional arguments: 
[3.029s] -- Added test 'xmllint' to check XML markup files
[3.031s] -- Configuring done
[3.040s] -- Generating done
[3.042s] -- Build files have been written to: /home/purvanya/projects/perception_summer/build/cone_tracker
[3.089s] [35m[1mConsolidate compiler generated dependencies of target main[0m
[3.142s] [ 50%] [32mBuilding CXX object CMakeFiles/main.dir/src/main.cpp.o[0m
[9.013s] [01m[K/home/purvanya/projects/perception_summer/src/cone_tracker/src/main.cpp:[m[K In function â€˜[01m[Kint main()[m[Kâ€™:
[9.013s] [01m[K/home/purvanya/projects/perception_summer/src/cone_tracker/src/main.cpp:16:45:[m[K [01;31m[Kerror: [m[Kâ€˜[01m[Kcurrent_device[m[Kâ€™ is not a member of â€˜[01m[Ktorch::cuda[m[Kâ€™
[9.013s]    16 |         torch::Device device = torch::cuda::[01;31m[Kcurrent_device[m[K();
[9.013s]       |                                             [01;31m[K^~~~~~~~~~~~~~[m[K
[11.405s] gmake[2]: *** [CMakeFiles/main.dir/build.make:76: CMakeFiles/main.dir/src/main.cpp.o] Error 1
[11.406s] gmake[1]: *** [CMakeFiles/Makefile2:137: CMakeFiles/main.dir/all] Error 2
[11.406s] gmake: *** [Makefile:146: all] Error 2
[11.408s] Invoked command in '/home/purvanya/projects/perception_summer/build/cone_tracker' returned '2': CMAKE_PREFIX_PATH=${CMAKE_PREFIX_PATH}:/home/purvanya/projects/perception_summer/install/perception_summer:/home/purvanya/projects/EUFS/install/eufs_launcher:/home/purvanya/projects/EUFS/install/eufs_tracks:/home/purvanya/projects/EUFS/install/eufs_rqt:/home/purvanya/projects/EUFS/install/eufs_racecar:/opt/ros/humble /usr/bin/cmake --build /home/purvanya/projects/perception_summer/build/cone_tracker -- -j12 -l12
